build/app/intermediates/manifest_merge_blame_file/debug/manifest-merger-blame-debug-report.txt
1<?xml version="1.0" encoding="utf-8"?>
2<manifest xmlns:android="http://schemas.android.com/apk/res/android"
3    package="com.clinkoin"
4    android:versionCode="1"
5    android:versionName="1.0.0" >
6
7    <uses-sdk
8        android:minSdkVersion="16"
9        android:targetSdkVersion="30" />
10    <!--
11         Flutter needs it to communicate with the running application
12         to allow setting breakpoints, to provide hot reload, etc.
13    -->
14    <uses-permission android:name="android.permission.INTERNET" />
14-->src\main\AndroidManifest.xml:54:5-67
14-->src\main\AndroidManifest.xml:54:22-64
15
16    <queries>
16-->src\main\AndroidManifest.xml:42:9-53:15
17        <intent>
17-->src\main\AndroidManifest.xml:43:9-47:18
18            <action android:name="android.intent.action.VIEW" />
18-->src\main\AndroidManifest.xml:44:13-65
18-->src\main\AndroidManifest.xml:44:21-62
19
20            <category android:name="android.intent.category.BROWSABLE" />
20-->src\main\AndroidManifest.xml:45:13-74
20-->src\main\AndroidManifest.xml:45:23-71
21
22            <data android:scheme="https" />
22-->src\main\AndroidManifest.xml:46:13-44
22-->src\main\AndroidManifest.xml:46:19-41
23        </intent>
24        <intent>
24-->src\main\AndroidManifest.xml:48:9-52:18
25            <action android:name="android.intent.action.VIEW" />
25-->src\main\AndroidManifest.xml:44:13-65
25-->src\main\AndroidManifest.xml:44:21-62
26
27            <category android:name="android.intent.category.APP_BROWSER" />
27-->src\main\AndroidManifest.xml:50:13-76
27-->src\main\AndroidManifest.xml:50:23-73
28
29            <data android:scheme="https" />
29-->src\main\AndroidManifest.xml:46:13-44
29-->src\main\AndroidManifest.xml:46:19-41
30        </intent>
31    </queries>
32
33    <application
33-->src\main\AndroidManifest.xml:4:4-41:19
34        android:appComponentFactory="androidx.core.app.CoreComponentFactory"
34-->[androidx.core:core:1.1.0] AndroidManifest.xml:24:18-86
35        android:debuggable="true"
36        android:icon="@mipmap/ic_launcher"
36-->src\main\AndroidManifest.xml:6:9-43
37        android:label="clinkoin" >
37-->src\main\AndroidManifest.xml:5:9-33
38        <activity
38-->src\main\AndroidManifest.xml:7:9-35:20
39            android:name="com.clinkoin.MainActivity"
39-->src\main\AndroidManifest.xml:8:13-41
40            android:configChanges="orientation|keyboardHidden|keyboard|screenSize|smallestScreenSize|locale|layoutDirection|fontScale|screenLayout|density|uiMode"
40-->src\main\AndroidManifest.xml:11:13-163
41            android:hardwareAccelerated="true"
41-->src\main\AndroidManifest.xml:12:13-47
42            android:launchMode="singleTop"
42-->src\main\AndroidManifest.xml:9:13-43
43            android:theme="@style/LaunchTheme"
43-->src\main\AndroidManifest.xml:10:13-47
44            android:windowSoftInputMode="adjustResize" >
44-->src\main\AndroidManifest.xml:13:13-55
45
46            <!--
47                 Specifies an Android theme to apply to this Activity as soon as
48                 the Android process has started. This theme is visible to the user
49                 while the Flutter UI initializes. After that, this theme continues
50                 to determine the Window background behind the Flutter UI.
51            -->
52            <meta-data
52-->src\main\AndroidManifest.xml:18:13-21:17
53                android:name="io.flutter.embedding.android.NormalTheme"
53-->src\main\AndroidManifest.xml:19:15-70
54                android:resource="@style/NormalTheme" />
54-->src\main\AndroidManifest.xml:20:15-52
55            <!--
56                 Displays an Android View that continues showing the launch screen
57                 Drawable until Flutter paints its first frame, then this splash
58                 screen fades out. A splash screen is useful to avoid any visual
59                 gap between the end of Android's launch screen and the painting of
60                 Flutter's first frame.
61            -->
62            <meta-data
62-->src\main\AndroidManifest.xml:27:13-30:17
63                android:name="io.flutter.embedding.android.SplashScreenDrawable"
63-->src\main\AndroidManifest.xml:28:15-79
64                android:resource="@drawable/launch_background" />
64-->src\main\AndroidManifest.xml:29:15-61
65
66            <intent-filter>
66-->src\main\AndroidManifest.xml:31:13-34:29
67                <action android:name="android.intent.action.MAIN" />
67-->src\main\AndroidManifest.xml:32:17-68
67-->src\main\AndroidManifest.xml:32:25-66
68
69                <category android:name="android.intent.category.LAUNCHER" />
69-->src\main\AndroidManifest.xml:33:17-76
69-->src\main\AndroidManifest.xml:33:27-74
70            </intent-filter>
71        </activity>
72        <!--
73             Don't delete the meta-data below.
74             This is used by the Flutter tool to generate GeneratedPluginRegistrant.java
75        -->
76        <meta-data
76-->src\main\AndroidManifest.xml:38:9-40:33
77            android:name="flutterEmbedding"
77-->src\main\AndroidManifest.xml:39:13-44
78            android:value="2" />
78-->src\main\AndroidManifest.xml:40:13-30
79
80        <activity
80-->[net.openid:appauth:0.7.1] AndroidManifest.xml:27:9-31:75
81            android:name="net.openid.appauth.AuthorizationManagementActivity"
81-->[net.openid:appauth:0.7.1] AndroidManifest.xml:28:13-78
82            android:exported="false"
82-->[net.openid:appauth:0.7.1] AndroidManifest.xml:29:13-37
83            android:launchMode="singleTask"
83-->[net.openid:appauth:0.7.1] AndroidManifest.xml:30:13-44
84            android:theme="@android:style/Theme.Translucent.NoTitleBar" />
84-->[net.openid:appauth:0.7.1] AndroidManifest.xml:31:13-72
85        <activity
85-->[net.openid:appauth:0.7.1] AndroidManifest.xml:32:9-43:20
86            android:name="net.openid.appauth.RedirectUriReceiverActivity"
86-->[net.openid:appauth:0.7.1] AndroidManifest.xml:33:13-74
87            android:exported="true" >
87-->[net.openid:appauth:0.7.1] AndroidManifest.xml:34:13-36
88            <intent-filter>
88-->[net.openid:appauth:0.7.1] AndroidManifest.xml:35:13-42:29
89                <action android:name="android.intent.action.VIEW" />
89-->src\main\AndroidManifest.xml:44:13-65
89-->src\main\AndroidManifest.xml:44:21-62
90
91                <category android:name="android.intent.category.DEFAULT" />
91-->[net.openid:appauth:0.7.1] AndroidManifest.xml:38:17-76
91-->[net.openid:appauth:0.7.1] AndroidManifest.xml:38:27-73
92                <category android:name="android.intent.category.BROWSABLE" />
92-->src\main\AndroidManifest.xml:45:13-74
92-->src\main\AndroidManifest.xml:45:23-71
93
94                <data android:scheme="com.clinkoin" />
94-->src\main\AndroidManifest.xml:46:13-44
94-->src\main\AndroidManifest.xml:46:19-41
95            </intent-filter>
96        </activity>
97    </application>
98
99</manifest>